c:\users\sweat\source\repos\water simulation\build\vc141.pdb
c:\users\sweat\source\repos\water simulation\build\vc141.idb
c:\users\sweat\source\repos\water simulation\build\camera.obj
c:\users\sweat\source\repos\water simulation\build\main.obj
c:\users\sweat\source\repos\water simulation\build\shader.obj
c:\users\sweat\source\repos\water simulation\build\stb_image.obj
c:\users\sweat\source\repos\water simulation\build\glad.obj
c:\users\sweat\source\repos\water simulation\build\mesh.obj
c:\users\sweat\source\repos\water simulation\build\model.obj
c:\users\sweat\source\repos\water simulation\build\object.obj
c:\users\sweat\source\repos\water simulation\build\scene.obj
c:\users\sweat\source\repos\water simulation\build\water simulation.exe
c:\users\sweat\source\repos\water simulation\build\water simulation.ilk
c:\users\sweat\source\repos\water simulation\build\water simulation.pdb
d:\backup\sweat\source\repos\water simulation\build\camera.obj
d:\backup\sweat\source\repos\water simulation\build\glad.obj
d:\backup\sweat\source\repos\water simulation\build\main.obj
d:\backup\sweat\source\repos\water simulation\build\mesh.obj
d:\backup\sweat\source\repos\water simulation\build\model.obj
d:\backup\sweat\source\repos\water simulation\build\object.obj
d:\backup\sweat\source\repos\water simulation\build\scene.obj
d:\backup\sweat\source\repos\water simulation\build\shader.obj
d:\backup\sweat\source\repos\water simulation\build\stb_image.obj
d:\backup\sweat\source\repos\water simulation\build\scene.obj.enc
d:\backup\sweat\source\repos\water simulation\build\water simulation.ilk
d:\backup\sweat\source\repos\water simulation\build\vc141.idb
d:\backup\sweat\source\repos\water simulation\build\vc141.pdb
d:\backup\sweat\source\repos\water simulation\build\water simulation.pdb
d:\backup\sweat\source\repos\water simulation\build\water simulation.exe
d:\backup\sweat\source\repos\water simulation\build\water simulation.tlog\cl.command.1.tlog
d:\backup\sweat\source\repos\water simulation\build\water simulation.tlog\cl.read.1.tlog
d:\backup\sweat\source\repos\water simulation\build\water simulation.tlog\cl.write.1.tlog
d:\backup\sweat\source\repos\water simulation\build\water simulation.tlog\link.command.1.tlog
d:\backup\sweat\source\repos\water simulation\build\water simulation.tlog\link.read.1.tlog
d:\backup\sweat\source\repos\water simulation\build\water simulation.tlog\link.write.1.tlog
